<?xml version="1.0" encoding="UTF-8"?>
<!-- Generated by org.testng.reporters.JUnitReportReporter -->
<testsuite hostname="LAPTOP-IF1T13DB" failures="0" tests="6" name="test.TC001_Signup" time="235.511" errors="0" timestamp="2024-08-21T17:25:58 IST" skipped="0">
  <testcase classname="test.TC001_Signup" name="createAccount" time="24.098"/>
  <testcase classname="test.TC001_Signup" name="signIn" time="27.433"/>
  <testcase classname="test.TC001_Signup" name="validateTitle" time="27.666"/>
  <testcase classname="test.TC001_Signup" name="paymentInformation" time="68.862"/>
  <testcase classname="test.TC001_Signup" name="menuShopingCart" time="37.282"/>
  <testcase classname="test.TC001_Signup" name="shopingCart" time="50.170"/>
</testsuite> <!-- test.TC001_Signup -->
